<?xml version="1.0" encoding="UTF-8"?>
<!-- Generated by org.testng.reporters.JUnitReportReporter -->
<testsuite skipped="0" hostname="DESKTOP-7V80P0E" name="delete_ResourceDelete.Delete" tests="1" failures="0" timestamp="2021-03-30T13:49:44 IST" time="3.047" errors="0">
  <testcase name="test_04Delete" time="3.047" classname="delete_ResourceDelete.Delete"/>
  <system-out/>
</testsuite> <!-- delete_ResourceDelete.Delete -->
