<?xml version="1.0" encoding="UTF-8"?>
<!-- Generated by org.testng.reporters.JUnitReportReporter -->
<testsuite skipped="0" hostname="DESKTOP-7V80P0E" name="put_toUpdateResouce.Put" tests="1" failures="0" timestamp="2021-03-28T19:53:42 IST" time="3.564" errors="0">
  <testcase name="test_2_Post" time="3.564" classname="put_toUpdateResouce.Put"/>
  <system-out/>
</testsuite> <!-- put_toUpdateResouce.Put -->
