<?xml version="1.0" encoding="UTF-8"?>
<!-- Generated by org.testng.reporters.JUnitReportReporter -->
<testsuite skipped="0" hostname="DESKTOP-7V80P0E" name="dataDrivenAPITesting.dataDrivenExample$ValidateCRUDSonAPICreated" tests="1" failures="0" timestamp="2021-03-31T14:04:05 IST" time="2.504" errors="0">
  <testcase name="test_delete" time="2.504" classname="dataDrivenAPITesting.dataDrivenExample$ValidateCRUDSonAPICreated"/>
  <system-out/>
</testsuite> <!-- dataDrivenAPITesting.dataDrivenExample$ValidateCRUDSonAPICreated -->
