<?xml version="1.0" encoding="UTF-8"?>
<!-- Generated by org.testng.reporters.JUnitReportReporter -->
<testsuite skipped="0" hostname="DESKTOP-7V80P0E" name="BasicRestAssured.Tests_Get" tests="1" failures="0" timestamp="2021-03-28T17:13:00 IST" time="2.962" errors="0">
  <testcase name="Test_1" time="2.962" classname="BasicRestAssured.Tests_Get"/>
  <system-out/>
</testsuite> <!-- BasicRestAssured.Tests_Get -->
