<?xml version="1.0" encoding="UTF-8"?>
<!-- Generated by org.testng.reporters.JUnitReportReporter -->
<testsuite skipped="0" hostname="DESKTOP-7V80P0E" name="applicationThree.ApplicationThreeScenario2" tests="2" failures="0" timestamp="2021-07-23T11:35:11 IST" time="0.015" errors="0">
  <testcase name="testplus" time="0.013" classname="applicationThree.ApplicationThreeScenario2"/>
  <system-out/>
  <testcase name="testplustwo" time="0.002" classname="applicationThree.ApplicationThreeScenario2"/>
  <system-out/>
</testsuite> <!-- applicationThree.ApplicationThreeScenario2 -->
