<?xml version="1.0" encoding="UTF-8"?>
<!-- Generated by org.testng.reporters.JUnitReportReporter -->
<testsuite skipped="0" hostname="DESKTOP-7V80P0E" name="SeleniumTests" tests="1" failures="0" timestamp="2021-07-23T09:23:11 IST" time="0.009" errors="0">
  <testcase name="testplus" time="0.009" classname="SeleniumTests"/>
  <system-out/>
</testsuite> <!-- SeleniumTests -->
