<?xml version="1.0" encoding="UTF-8"?>
<!-- Generated by org.testng.reporters.JUnitReportReporter -->
<testsuite skipped="0" hostname="DESKTOP-7V80P0E" name="BasicRestAssured.Tests_Post" tests="2" failures="0" timestamp="2021-03-28T17:28:25 IST" time="2.790" errors="0">
  <testcase name="test_2_Post" time="2.776" classname="BasicRestAssured.Tests_Post"/>
  <system-out/>
  <testcase name="test_1_Post" time="0.014" classname="BasicRestAssured.Tests_Post"/>
  <system-out/>
</testsuite> <!-- BasicRestAssured.Tests_Post -->
