<?xml version="1.0" encoding="UTF-8"?>
<!-- Generated by org.testng.reporters.JUnitReportReporter -->
<testsuite skipped="0" hostname="DESKTOP-7V80P0E" name="put_Patch_toUpdateResouce.Patch" tests="1" failures="0" timestamp="2021-03-28T20:43:08 IST" time="3.111" errors="0">
  <testcase name="test_3_Patch" time="3.111" classname="put_Patch_toUpdateResouce.Patch"/>
  <system-out/>
</testsuite> <!-- put_Patch_toUpdateResouce.Patch -->
