<?xml version="1.0" encoding="UTF-8"?>
<!-- Generated by org.testng.reporters.JUnitReportReporter -->
<testsuite skipped="0" hostname="DESKTOP-7V80P0E" name="POST.Test_Post_JSONSimple" tests="1" failures="0" timestamp="2021-03-28T19:16:52 IST" time="2.501" errors="0">
  <testcase name="test_2_Post" time="2.501" classname="POST.Test_Post_JSONSimple"/>
  <system-out/>
</testsuite> <!-- POST.Test_Post_JSONSimple -->
